<?xml version="1.0" encoding="UTF-8"?>
<testsuites name="jest tests" tests="25" failures="0" time="1.897">
  <testsuite name="undefined" errors="0" failures="0" skipped="0" timestamp="2021-08-27T11:01:35" time="1.323" tests="8">
    <testcase classname=" Writing data" name=" Writing data" time="0.003">
    </testcase>
    <testcase classname=" Reading data" name=" Reading data" time="0.002">
    </testcase>
    <testcase classname=" Deleting data" name=" Deleting data" time="0.001">
    </testcase>
    <testcase classname=" Chaining actions" name=" Chaining actions" time="0.001">
    </testcase>
    <testcase classname=" Chaining get" name=" Chaining get" time="0.001">
    </testcase>
    <testcase classname=" Walking data" name=" Walking data" time="0.001">
    </testcase>
    <testcase classname=" Walking data with filter" name=" Walking data with filter" time="0">
    </testcase>
    <testcase classname=" Simple find( )" name=" Simple find( )" time="0.008">
    </testcase>
  </testsuite>
  <testsuite name="undefined" errors="0" failures="0" skipped="0" timestamp="2021-08-27T11:01:35" time="1.398" tests="17">
    <testcase classname=" Level database creation" name=" Level database creation" time="0.003">
    </testcase>
    <testcase classname=" Invalid Level database creation" name=" Invalid Level database creation" time="0.005">
    </testcase>
    <testcase classname=" Writing data - .put( test, { test: &apos;jest&apos; } )" name=" Writing data - .put( test, { test: &apos;jest&apos; } )" time="0.007">
    </testcase>
    <testcase classname=" Reading data - .get( test )" name=" Reading data - .get( test )" time="0.001">
    </testcase>
    <testcase classname=" Deleting data - .del( test )" name=" Deleting data - .del( test )" time="0">
    </testcase>
    <testcase classname=" Chaining a dataset with chaining" name=" Chaining a dataset with chaining" time="0.001">
    </testcase>
    <testcase classname=" Dirty Finding - .find( jest2 )" name=" Dirty Finding - .find( jest2 )" time="0.003">
    </testcase>
    <testcase classname=" Dirty Filter - .filter( jest2 )" name=" Dirty Filter - .filter( jest2 )" time="0.001">
    </testcase>
    <testcase classname=" Iterate Finding - .iterateFind( jest2 )" name=" Iterate Finding - .iterateFind( jest2 )" time="0.001">
    </testcase>
    <testcase classname=" Iterate Filter - .iterateFilter( jest2 )" name=" Iterate Filter - .iterateFilter( jest2 )" time="0.001">
    </testcase>
    <testcase classname=" Entry Exists - .exists( Data4 )" name=" Entry Exists - .exists( Data4 )" time="0.001">
    </testcase>
    <testcase classname=" Entry Merging - .merge( Data4, extra )" name=" Entry Merging - .merge( Data4, extra )" time="0.001">
    </testcase>
    <testcase classname=" Chaining a dataset with chaining" name=" Chaining a dataset with chaining" time="0">
    </testcase>
    <testcase classname=" Streaming dataset" name=" Streaming dataset" time="0.002">
    </testcase>
    <testcase classname=" Reading all dataset" name=" Reading all dataset" time="0.001">
    </testcase>
    <testcase classname=" Using an already created db inside constructor" name=" Using an already created db inside constructor" time="0.013">
    </testcase>
    <testcase classname=" Using the iterator" name=" Using the iterator" time="0.003">
    </testcase>
  </testsuite>
</testsuites>